1589219390.502703 client started (30013): version 3.1b, socket /data/data/com.termux/files/usr/var/run/tmux-10014/default, protocol 8
1589219390.502760 on Linux 4.4.146+ #1 SMP PREEMPT Thu Jan 30 18:18:49 UTC 2020; libevent 2.1.11-stable (poll)
1589219390.502804 socket is /data/data/com.termux/files/usr/var/run/tmux-10014/default
1589219390.502882 trying connect
1589219390.503011 add peer 0xead8cac0: 6 (0x0)
1589219390.503198 sending message 100 to peer 0xead8cac0 (4 bytes)
1589219390.503212 sending message 101 to peer 0xead8cac0 (7 bytes)
1589219390.503222 sending message 102 to peer 0xead8cac0 (11 bytes)
1589219390.503231 sending message 108 to peer 0xead8cac0 (44 bytes)
1589219390.503242 sending message 104 to peer 0xead8cac0 (0 bytes)
1589219390.503250 sending message 107 to peer 0xead8cac0 (4 bytes)
1589219390.503258 sending message 105 to peer 0xead8cac0 (19 bytes)
1589219390.503266 sending message 105 to peer 0xead8cac0 (21 bytes)
1589219390.503275 sending message 105 to peer 0xead8cac0 (642 bytes)
1589219390.503284 sending message 105 to peer 0xead8cac0 (25 bytes)
1589219390.503292 sending message 105 to peer 0xead8cac0 (38 bytes)
1589219390.503300 sending message 105 to peer 0xead8cac0 (17 bytes)
1589219390.503309 sending message 105 to peer 0xead8cac0 (65 bytes)
1589219390.503316 sending message 105 to peer 0xead8cac0 (56 bytes)
1589219390.503324 sending message 105 to peer 0xead8cac0 (59 bytes)
1589219390.503332 sending message 105 to peer 0xead8cac0 (85 bytes)
1589219390.503340 sending message 105 to peer 0xead8cac0 (39 bytes)
1589219390.503348 sending message 105 to peer 0xead8cac0 (48 bytes)
1589219390.503356 sending message 105 to peer 0xead8cac0 (47 bytes)
1589219390.503364 sending message 105 to peer 0xead8cac0 (8 bytes)
1589219390.503372 sending message 105 to peer 0xead8cac0 (12 bytes)
1589219390.503380 sending message 105 to peer 0xead8cac0 (43 bytes)
1589219390.503388 sending message 105 to peer 0xead8cac0 (72 bytes)
1589219390.503396 sending message 105 to peer 0xead8cac0 (13 bytes)
1589219390.503404 sending message 105 to peer 0xead8cac0 (12 bytes)
1589219390.503413 sending message 106 to peer 0xead8cac0 (0 bytes)
1589219390.503421 sending message 200 to peer 0xead8cac0 (4 bytes)
1589219390.503428 client loop enter
1589219390.504719 peer 0xead8cac0 message 303
1589219390.504774 open write file 2 -
1589219390.504797 sending message 305 to peer 0xead8cac0 (8 bytes)
1589219390.505464 peer 0xead8cac0 message 304
1589219390.505517 write 58 to file 2
1589219390.505532 peer 0xead8cac0 message 203
1589219390.505540 file 2 58 bytes left
1589219390.505664 client loop exit
